<?xml version="1.0" encoding="UTF-8"?>
<testsuite name="com.example.project.TestTriangleCollection" tests="3" skipped="0" failures="0" errors="0" timestamp="2025-01-08T14:24:42" hostname="codespaces-7738ff" time="0.049">
  <properties/>
  <testcase name="testShiftTriangles()" classname="com.example.project.TestTriangleCollection" time="0.042"/>
  <testcase name="testTotalPerimeter()" classname="com.example.project.TestTriangleCollection" time="0.001"/>
  <testcase name="testTriangleCollection()" classname="com.example.project.TestTriangleCollection" time="0.002"/>
  <system-out><![CDATA[-40
15
----
07
512
----
40
95
----
-40
15
----
07
512
----
30
85
----
-40
15
----
07
512
----
20
75
----
-40
15
----
07
512
----
10
65
----
-40
15
----
07
512
----
00
55
----
-40
15
----
07
512
----
-10
45
----
-70
310
----
03
1013
----
70
1710
----
-70
310
----
03
1013
----
60
1610
----
-70
310
----
03
1013
----
50
1510
----
-70
310
----
03
1013
----
40
1410
----
-70
310
----
03
1013
----
30
1310
----
-70
310
----
03
1013
----
20
1210
----
-70
310
----
03
1013
----
10
1110
----
-70
310
----
03
1013
----
00
1010
----
-70
310
----
03
1013
----
-10
910
----
-70
310
----
03
1013
----
-20
810
----
]]></system-out>
  <system-err><![CDATA[]]></system-err>
</testsuite>
