<?xml version="1.0" encoding="UTF-8"?>
<testsuite name="com.example.project.TestPoint" tests="3" skipped="0" failures="0" errors="0" timestamp="2025-01-08T14:24:42" hostname="codespaces-7738ff" time="0.019">
  <properties/>
  <testcase name="testPointInfo()" classname="com.example.project.TestPoint" time="0.015"/>
  <testcase name="testDistanceTo()" classname="com.example.project.TestPoint" time="0.001"/>
  <testcase name="testConstructor()" classname="com.example.project.TestPoint" time="0.001"/>
  <system-out><![CDATA[]]></system-out>
  <system-err><![CDATA[]]></system-err>
</testsuite>
